<?xml version="1.0" encoding="UTF-8"?>
<!-- Generated by org.testng.reporters.JUnitReportReporter -->
<testsuite hostname="SRODSK3X1ZKY1" name="com.hoxie.matchingEngine.service.impl.WorkerServiceTest" tests="1" failures="0" timestamp="4 Nov 2016 04:09:00 GMT" time="0.009" errors="0">
  <testcase name="getWorkerByIdTest" time="0.009" classname="com.hoxie.matchingEngine.service.impl.WorkerServiceTest"/>
</testsuite> <!-- com.hoxie.matchingEngine.service.impl.WorkerServiceTest -->
