<?xml version="1.0" encoding="UTF-8"?>
<!-- Generated by org.testng.reporters.JUnitReportReporter -->
<testsuite hostname="SRODSK3X1ZKY1" name="com.hoxie.matchingEngine.service.impl.RestFullClientServiceTest" tests="2" failures="0" timestamp="4 Nov 2016 03:17:56 GMT" time="1.012" errors="0">
  <testcase name="getJobListTest" time="0.738" classname="com.hoxie.matchingEngine.service.impl.RestFullClientServiceTest"/>
  <testcase name="getWorkerListTest" time="0.274" classname="com.hoxie.matchingEngine.service.impl.RestFullClientServiceTest"/>
</testsuite> <!-- com.hoxie.matchingEngine.service.impl.RestFullClientServiceTest -->
